srun: Job step aborted: Waiting up to 92 seconds for job step to finish.
slurmstepd: error: *** JOB 12301468 ON lrdn3484 CANCELLED AT 2025-02-10T11:04:15 ***
slurmstepd: error: *** STEP 12301468.0 ON lrdn3484 CANCELLED AT 2025-02-10T11:04:15 ***
ERROR: Simulation ended abruptly!!!
Unknown ERROR Detected at 2001-01-10 10!
