slurmstepd: error: *** JOB 27052212 ON lrdn4340 CANCELLED AT 2025-11-27T09:51:39 DUE TO TIME LIMIT ***
slurmstepd: error: *** STEP 27052212.0 ON lrdn4340 CANCELLED AT 2025-11-27T09:51:39 DUE TO TIME LIMIT ***
ERROR: Simulation ended abruptly!!!
Unknown ERROR Detected at 2002-05-31 05!
